{
  "RSpec": {
    "coverage": {
      "/Users/tyladevon/turing/mod_3/projects/first_solo/rails_engine/app/models/customer.rb": {
        "lines": [
          1,
          1,
          null,
          null,
          1,
          null
        ]
      },
      "/Users/tyladevon/turing/mod_3/projects/first_solo/rails_engine/app/models/application_record.rb": {
        "lines": [
          1,
          1,
          null,
          1,
          87,
          null,
          null,
          1,
          6,
          null,
          null
        ]
      },
      "/Users/tyladevon/turing/mod_3/projects/first_solo/rails_engine/app/models/invoice_item.rb": {
        "lines": [
          1,
          null,
          1,
          null,
          null,
          null,
          1,
          1,
          1,
          null
        ]
      },
      "/Users/tyladevon/turing/mod_3/projects/first_solo/rails_engine/app/models/invoice.rb": {
        "lines": [
          1,
          1,
          null,
          null,
          1,
          1,
          null,
          1,
          1,
          1,
          null
        ]
      },
      "/Users/tyladevon/turing/mod_3/projects/first_solo/rails_engine/app/models/item.rb": {
        "lines": [
          1,
          1,
          null,
          null,
          null,
          1,
          1,
          1,
          1,
          null
        ]
      },
      "/Users/tyladevon/turing/mod_3/projects/first_solo/rails_engine/app/models/merchant.rb": {
        "lines": [
          1,
          1,
          null,
          1,
          1,
          null,
          1,
          null,
          null,
          null,
          null,
          null,
          1,
          null,
          null
        ]
      },
      "/Users/tyladevon/turing/mod_3/projects/first_solo/rails_engine/app/models/transaction.rb": {
        "lines": [
          1,
          1,
          null,
          null,
          1,
          null
        ]
      },
      "/Users/tyladevon/turing/mod_3/projects/first_solo/rails_engine/app/controllers/api/v1/merchants/most_revenue_controller.rb": {
        "lines": [
          1,
          1,
          1,
          1,
          null,
          null
        ]
      },
      "/Users/tyladevon/turing/mod_3/projects/first_solo/rails_engine/app/controllers/application_controller.rb": {
        "lines": [
          1,
          null
        ]
      },
      "/Users/tyladevon/turing/mod_3/projects/first_solo/rails_engine/app/serializers/merchant_serializer.rb": {
        "lines": [
          1,
          1,
          null,
          1,
          1,
          null
        ]
      },
      "/Users/tyladevon/turing/mod_3/projects/first_solo/rails_engine/app/controllers/api/v1/customers_controller.rb": {
        "lines": [
          1,
          null,
          1,
          1,
          1,
          1,
          null,
          null,
          1,
          1,
          1,
          1,
          null,
          null,
          1,
          1,
          1,
          1,
          null,
          null,
          1,
          1,
          1,
          1,
          null,
          null,
          1,
          1,
          1,
          1,
          null,
          null,
          1,
          null,
          1,
          2,
          null,
          null,
          null
        ]
      },
      "/Users/tyladevon/turing/mod_3/projects/first_solo/rails_engine/app/serializers/customer_serializer.rb": {
        "lines": [
          1,
          1,
          null,
          1,
          null,
          1,
          null
        ]
      },
      "/Users/tyladevon/turing/mod_3/projects/first_solo/rails_engine/app/controllers/api/v1/invoice_items_controller.rb": {
        "lines": [
          1,
          1,
          1,
          1,
          1,
          null,
          null,
          1,
          1,
          1,
          1,
          null,
          null,
          1,
          1,
          1,
          1,
          null,
          null,
          1,
          1,
          1,
          1,
          null,
          null,
          1,
          1,
          1,
          1,
          null,
          null,
          1,
          null,
          1,
          2,
          null,
          null,
          null
        ]
      },
      "/Users/tyladevon/turing/mod_3/projects/first_solo/rails_engine/app/serializers/invoice_item_serializer.rb": {
        "lines": [
          1,
          1,
          null,
          1,
          null,
          1,
          1,
          null,
          1,
          17,
          null,
          null
        ]
      },
      "/Users/tyladevon/turing/mod_3/projects/first_solo/rails_engine/app/controllers/api/v1/invoices_controller.rb": {
        "lines": [
          1,
          null,
          1,
          1,
          1,
          1,
          null,
          null,
          1,
          1,
          1,
          1,
          null,
          null,
          1,
          1,
          1,
          1,
          null,
          null,
          1,
          1,
          1,
          1,
          null,
          null,
          1,
          1,
          1,
          1,
          null,
          null,
          1,
          null,
          1,
          2,
          null,
          null,
          null
        ]
      },
      "/Users/tyladevon/turing/mod_3/projects/first_solo/rails_engine/app/serializers/invoice_serializer.rb": {
        "lines": [
          1,
          1,
          null,
          1,
          null,
          1,
          1,
          null
        ]
      },
      "/Users/tyladevon/turing/mod_3/projects/first_solo/rails_engine/app/controllers/api/v1/items_controller.rb": {
        "lines": [
          1,
          null,
          1,
          1,
          1,
          1,
          null,
          null,
          1,
          1,
          1,
          1,
          null,
          null,
          1,
          1,
          1,
          1,
          null,
          null,
          1,
          1,
          1,
          1,
          null,
          null,
          1,
          1,
          1,
          1,
          null,
          null,
          1,
          null,
          1,
          2,
          null,
          null,
          null
        ]
      },
      "/Users/tyladevon/turing/mod_3/projects/first_solo/rails_engine/app/serializers/item_serializer.rb": {
        "lines": [
          1,
          1,
          null,
          1,
          null,
          1,
          null,
          1,
          19,
          null,
          null,
          null
        ]
      },
      "/Users/tyladevon/turing/mod_3/projects/first_solo/rails_engine/app/controllers/api/v1/merchants_controller.rb": {
        "lines": [
          1,
          1,
          1,
          1,
          1,
          null,
          null,
          1,
          1,
          1,
          1,
          null,
          null,
          1,
          1,
          1,
          1,
          null,
          null,
          1,
          1,
          1,
          1,
          null,
          null,
          1,
          1,
          1,
          1,
          null,
          null,
          1,
          1,
          2,
          null,
          null
        ]
      },
      "/Users/tyladevon/turing/mod_3/projects/first_solo/rails_engine/app/controllers/api/v1/transactions_controller.rb": {
        "lines": [
          1,
          1,
          1,
          1,
          1,
          null,
          null,
          1,
          1,
          1,
          1,
          null,
          null,
          1,
          1,
          1,
          1,
          null,
          null,
          1,
          1,
          1,
          1,
          null,
          null,
          1,
          1,
          1,
          1,
          null,
          null,
          1,
          null,
          1,
          2,
          null,
          null
        ]
      },
      "/Users/tyladevon/turing/mod_3/projects/first_solo/rails_engine/app/serializers/transaction_serializer.rb": {
        "lines": [
          1,
          1,
          null,
          1,
          null,
          1,
          null,
          1,
          15,
          null,
          null
        ]
      },
      "/Users/tyladevon/turing/mod_3/projects/first_solo/rails_engine/app/controllers/api/v1/invoice_items/invoices_controller.rb": {
        "lines": [
          1,
          1,
          1,
          1,
          1,
          null,
          null
        ]
      },
      "/Users/tyladevon/turing/mod_3/projects/first_solo/rails_engine/app/controllers/api/v1/invoice_items/items_controller.rb": {
        "lines": [
          1,
          1,
          1,
          1,
          1,
          null,
          null
        ]
      },
      "/Users/tyladevon/turing/mod_3/projects/first_solo/rails_engine/app/controllers/api/v1/invoices/customers_controller.rb": {
        "lines": [
          1,
          1,
          1,
          1,
          1,
          null,
          null
        ]
      },
      "/Users/tyladevon/turing/mod_3/projects/first_solo/rails_engine/app/controllers/api/v1/invoices/invoice_items_controller.rb": {
        "lines": [
          1,
          1,
          1,
          1,
          1,
          1,
          null,
          null
        ]
      },
      "/Users/tyladevon/turing/mod_3/projects/first_solo/rails_engine/app/controllers/api/v1/invoices/items_controller.rb": {
        "lines": [
          1,
          1,
          1,
          1,
          1,
          null,
          null
        ]
      },
      "/Users/tyladevon/turing/mod_3/projects/first_solo/rails_engine/app/controllers/api/v1/invoices/merchants_controller.rb": {
        "lines": [
          1,
          1,
          1,
          1,
          1,
          null,
          null
        ]
      },
      "/Users/tyladevon/turing/mod_3/projects/first_solo/rails_engine/app/controllers/api/v1/invoices/transactions_controller.rb": {
        "lines": [
          1,
          1,
          1,
          null,
          1,
          1,
          null,
          null
        ]
      },
      "/Users/tyladevon/turing/mod_3/projects/first_solo/rails_engine/app/controllers/api/v1/items/invoice_items_controller.rb": {
        "lines": [
          1,
          1,
          1,
          1,
          1,
          null,
          null
        ]
      },
      "/Users/tyladevon/turing/mod_3/projects/first_solo/rails_engine/app/controllers/api/v1/items/merchants_controller.rb": {
        "lines": [
          1,
          1,
          1,
          1,
          1,
          null,
          null
        ]
      },
      "/Users/tyladevon/turing/mod_3/projects/first_solo/rails_engine/app/controllers/api/v1/merchants/invoices_controller.rb": {
        "lines": [
          1,
          1,
          1,
          1,
          1,
          1,
          null,
          null
        ]
      },
      "/Users/tyladevon/turing/mod_3/projects/first_solo/rails_engine/app/controllers/api/v1/merchants/items_controller.rb": {
        "lines": [
          1,
          1,
          1,
          1,
          1,
          1,
          null,
          null
        ]
      },
      "/Users/tyladevon/turing/mod_3/projects/first_solo/rails_engine/app/controllers/api/v1/transactions/invoices_controller.rb": {
        "lines": [
          1,
          1,
          1,
          1,
          1,
          null,
          null
        ]
      },
      "/Users/tyladevon/turing/mod_3/projects/first_solo/rails_engine/app/mailers/application_mailer.rb": {
        "lines": [
          0,
          0,
          0,
          0
        ],
        "branches": {
        }
      },
      "/Users/tyladevon/turing/mod_3/projects/first_solo/rails_engine/app/jobs/application_job.rb": {
        "lines": [
          0,
          0
        ],
        "branches": {
        }
      },
      "/Users/tyladevon/turing/mod_3/projects/first_solo/rails_engine/app/channels/application_cable/connection.rb": {
        "lines": [
          0,
          0,
          0,
          0
        ],
        "branches": {
        }
      },
      "/Users/tyladevon/turing/mod_3/projects/first_solo/rails_engine/app/channels/application_cable/channel.rb": {
        "lines": [
          0,
          0,
          0,
          0
        ],
        "branches": {
        }
      }
    },
    "timestamp": 1580743521
  }
}
